<?xml version="1.0" encoding="UTF-8"?>
<testsuite name="ru.vtb.neoflex.autotests.ChangePriceTest" tests="1" skipped="0" failures="0" errors="0" timestamp="2020-06-22T14:20:54" hostname="WS64-073" time="2.16">
  <properties/>
  <testcase name="checkCodeSuccessTest" classname="ru.vtb.neoflex.autotests.ChangePriceTest" time="2.16"/>
  <system-out><![CDATA[ChangePriceTest : statusCode : 200
]]></system-out>
  <system-err><![CDATA[]]></system-err>
</testsuite>
